{"level":"info","message":"Attempting to find available port starting from 4001, max attempts: 10","timestamp":"2025-03-18 10:19:27"}
{"level":"info","message":"Port 4001 is available","timestamp":"2025-03-18 10:19:27"}
{"level":"info","message":"Auth Service running at http://localhost:4001/graphql","timestamp":"2025-03-18 10:19:27"}
{"level":"info","message":"Attempting to find available port starting from 4001, max attempts: 10","timestamp":"2025-03-18 10:19:27"}
{"level":"warn","message":"Port 4001 is already in use","timestamp":"2025-03-18 10:19:27"}
{"level":"warn","message":"Port 4002 is already in use","timestamp":"2025-03-18 10:19:27"}
{"level":"info","message":"Port 4003 is available","timestamp":"2025-03-18 10:19:27"}
{"level":"info","message":"Auth Service running at http://localhost:4003/graphql","timestamp":"2025-03-18 10:19:27"}
{"level":"info","message":"Connected to MongoDB","timestamp":"2025-03-18 10:19:27"}
{"level":"info","message":"Attempting to find available port starting from 4001, max attempts: 10","timestamp":"2025-03-18 10:19:27"}
{"level":"warn","message":"Port 4001 is already in use","timestamp":"2025-03-18 10:19:27"}
{"level":"warn","message":"Port 4002 is already in use","timestamp":"2025-03-18 10:19:27"}
{"level":"warn","message":"Port 4003 is already in use","timestamp":"2025-03-18 10:19:27"}
{"level":"info","message":"Port 4004 is available","timestamp":"2025-03-18 10:19:27"}
{"level":"info","message":"Auth Service running at http://localhost:4004/graphql","timestamp":"2025-03-18 10:19:27"}
{"level":"info","message":"Connected to MongoDB","timestamp":"2025-03-18 10:19:27"}
{"level":"info","message":"Connected to MongoDB","timestamp":"2025-03-18 10:19:27"}
{"level":"info","message":"Attempting to find available port starting from 4001, max attempts: 10","timestamp":"2025-03-18 10:19:53"}
{"level":"info","message":"Port 4001 is available","timestamp":"2025-03-18 10:19:53"}
{"level":"info","message":"Auth Service running at http://localhost:4001/graphql","timestamp":"2025-03-18 10:19:53"}
{"level":"info","message":"Attempting to find available port starting from 4001, max attempts: 10","timestamp":"2025-03-18 10:19:53"}
{"level":"warn","message":"Port 4001 is already in use","timestamp":"2025-03-18 10:19:53"}
{"level":"warn","message":"Port 4002 is already in use","timestamp":"2025-03-18 10:19:53"}
{"level":"info","message":"Port 4003 is available","timestamp":"2025-03-18 10:19:53"}
{"level":"info","message":"Auth Service running at http://localhost:4003/graphql","timestamp":"2025-03-18 10:19:53"}
{"level":"info","message":"Connected to MongoDB","timestamp":"2025-03-18 10:19:53"}
{"level":"info","message":"Attempting to find available port starting from 4001, max attempts: 10","timestamp":"2025-03-18 10:19:53"}
{"level":"warn","message":"Port 4001 is already in use","timestamp":"2025-03-18 10:19:53"}
{"level":"warn","message":"Port 4002 is already in use","timestamp":"2025-03-18 10:19:53"}
{"level":"warn","message":"Port 4003 is already in use","timestamp":"2025-03-18 10:19:53"}
{"level":"info","message":"Port 4004 is available","timestamp":"2025-03-18 10:19:53"}
{"level":"info","message":"Auth Service running at http://localhost:4004/graphql","timestamp":"2025-03-18 10:19:53"}
{"level":"info","message":"Connected to MongoDB","timestamp":"2025-03-18 10:19:53"}
{"level":"info","message":"Connected to MongoDB","timestamp":"2025-03-18 10:19:53"}
{"level":"info","message":"Attempting to find available port starting from 4001, max attempts: 10","timestamp":"2025-03-18 10:20:39"}
{"level":"info","message":"Port 4001 is available","timestamp":"2025-03-18 10:20:39"}
{"level":"info","message":"Auth Service running at http://localhost:4001/graphql","timestamp":"2025-03-18 10:20:39"}
{"level":"info","message":"Attempting to find available port starting from 4001, max attempts: 10","timestamp":"2025-03-18 10:20:39"}
{"level":"warn","message":"Port 4001 is already in use","timestamp":"2025-03-18 10:20:39"}
{"level":"warn","message":"Port 4002 is already in use","timestamp":"2025-03-18 10:20:39"}
{"level":"info","message":"Port 4003 is available","timestamp":"2025-03-18 10:20:39"}
{"level":"info","message":"Auth Service running at http://localhost:4003/graphql","timestamp":"2025-03-18 10:20:39"}
{"level":"info","message":"Attempting to find available port starting from 4001, max attempts: 10","timestamp":"2025-03-18 10:20:39"}
{"level":"warn","message":"Port 4001 is already in use","timestamp":"2025-03-18 10:20:39"}
{"level":"warn","message":"Port 4002 is already in use","timestamp":"2025-03-18 10:20:39"}
{"level":"warn","message":"Port 4003 is already in use","timestamp":"2025-03-18 10:20:39"}
{"level":"info","message":"Port 4004 is available","timestamp":"2025-03-18 10:20:39"}
{"level":"info","message":"Auth Service running at http://localhost:4004/graphql","timestamp":"2025-03-18 10:20:39"}
{"level":"info","message":"Connected to MongoDB","timestamp":"2025-03-18 10:20:39"}
{"level":"info","message":"Connected to MongoDB","timestamp":"2025-03-18 10:20:39"}
{"level":"info","message":"Connected to MongoDB","timestamp":"2025-03-18 10:20:39"}
{"level":"info","message":"Attempting to find available port starting from 4001, max attempts: 10","timestamp":"2025-03-18 10:21:06"}
{"level":"info","message":"Port 4001 is available","timestamp":"2025-03-18 10:21:06"}
{"level":"info","message":"Auth Service running at http://localhost:4001/graphql","timestamp":"2025-03-18 10:21:06"}
{"level":"info","message":"Connected to MongoDB","timestamp":"2025-03-18 10:21:06"}
{"level":"info","message":"Attempting to find available port starting from 4001, max attempts: 10","timestamp":"2025-03-18 10:21:06"}
{"level":"info","message":"Attempting to find available port starting from 4001, max attempts: 10","timestamp":"2025-03-18 10:21:06"}
{"level":"warn","message":"Port 4001 is already in use","timestamp":"2025-03-18 10:21:06"}
{"level":"warn","message":"Port 4002 is already in use","timestamp":"2025-03-18 10:21:06"}
{"level":"warn","message":"Port 4003 is already in use","timestamp":"2025-03-18 10:21:06"}
{"level":"info","message":"Port 4004 is available","timestamp":"2025-03-18 10:21:06"}
{"level":"info","message":"Auth Service running at http://localhost:4004/graphql","timestamp":"2025-03-18 10:21:06"}
{"level":"warn","message":"Port 4001 is already in use","timestamp":"2025-03-18 10:21:06"}
{"level":"warn","message":"Port 4002 is already in use","timestamp":"2025-03-18 10:21:06"}
{"level":"info","message":"Port 4003 is available","timestamp":"2025-03-18 10:21:06"}
{"level":"info","message":"Auth Service running at http://localhost:4003/graphql","timestamp":"2025-03-18 10:21:06"}
{"level":"info","message":"Connected to MongoDB","timestamp":"2025-03-18 10:21:06"}
{"level":"info","message":"Connected to MongoDB","timestamp":"2025-03-18 10:21:06"}
{"level":"info","message":"Attempting to find available port starting from 4001, max attempts: 10","timestamp":"2025-03-18 10:21:45"}
{"level":"warn","message":"Port 4001 is already in use","timestamp":"2025-03-18 10:21:45"}
{"level":"warn","message":"Port 4002 is already in use","timestamp":"2025-03-18 10:21:45"}
{"level":"warn","message":"Port 4003 is already in use","timestamp":"2025-03-18 10:21:45"}
{"level":"warn","message":"Port 4004 is already in use","timestamp":"2025-03-18 10:21:45"}
{"level":"info","message":"Port 4005 is available","timestamp":"2025-03-18 10:21:45"}
{"level":"info","message":"Auth Service running at http://localhost:4005/graphql","timestamp":"2025-03-18 10:21:45"}
{"level":"info","message":"Connected to MongoDB","timestamp":"2025-03-18 10:21:45"}
{"level":"info","message":"SIGINT received. Shutting down gracefully","timestamp":"2025-03-18 10:23:40"}
{"level":"info","message":"Attempting to find available port starting from 4001, max attempts: 10","timestamp":"2025-03-18 10:24:44"}
{"level":"warn","message":"Port 4001 is already in use","timestamp":"2025-03-18 10:24:44"}
{"level":"warn","message":"Port 4002 is already in use","timestamp":"2025-03-18 10:24:44"}
{"level":"warn","message":"Port 4003 is already in use","timestamp":"2025-03-18 10:24:44"}
{"level":"warn","message":"Port 4004 is already in use","timestamp":"2025-03-18 10:24:44"}
{"level":"info","message":"Port 4005 is available","timestamp":"2025-03-18 10:24:44"}
{"level":"info","message":"Auth Service running at http://localhost:4005/graphql","timestamp":"2025-03-18 10:24:44"}
{"level":"info","message":"Connected to MongoDB","timestamp":"2025-03-18 10:24:44"}
{"level":"info","message":"SIGINT received. Shutting down gracefully","timestamp":"2025-03-18 10:24:55"}
{"level":"info","message":"Attempting to find available port starting from 4001, max attempts: 10","timestamp":"2025-03-18 10:25:02"}
{"level":"warn","message":"Port 4001 is already in use","timestamp":"2025-03-18 10:25:02"}
{"level":"warn","message":"Port 4002 is already in use","timestamp":"2025-03-18 10:25:02"}
{"level":"info","message":"Port 4003 is available","timestamp":"2025-03-18 10:25:02"}
{"level":"info","message":"Auth Service running at http://localhost:4003/graphql","timestamp":"2025-03-18 10:25:02"}
{"level":"info","message":"Connected to MongoDB","timestamp":"2025-03-18 10:25:02"}
{"level":"info","message":"SIGINT received. Shutting down gracefully","timestamp":"2025-03-18 10:28:01"}
{"level":"info","message":"Attempting to find available port starting from 4001, max attempts: 10","timestamp":"2025-03-18 10:41:42"}
{"level":"warn","message":"Port 4001 is already in use","timestamp":"2025-03-18 10:41:42"}
{"level":"warn","message":"Port 4002 is already in use","timestamp":"2025-03-18 10:41:42"}
{"level":"warn","message":"Port 4003 is already in use","timestamp":"2025-03-18 10:41:42"}
{"level":"warn","message":"Port 4004 is already in use","timestamp":"2025-03-18 10:41:42"}
{"level":"warn","message":"Port 4005 is already in use","timestamp":"2025-03-18 10:41:42"}
{"level":"warn","message":"Port 4006 is already in use","timestamp":"2025-03-18 10:41:42"}
{"level":"info","message":"Port 4007 is available","timestamp":"2025-03-18 10:41:42"}
{"level":"info","message":"Auth Service running at http://localhost:4007/graphql","timestamp":"2025-03-18 10:41:42"}
{"level":"info","message":"Connected to MongoDB","timestamp":"2025-03-18 10:41:42"}
{"level":"info","message":"SIGINT received. Shutting down gracefully","timestamp":"2025-03-18 11:11:58"}
{"level":"info","message":"Attempting to find available port starting from 4001, max attempts: 10","timestamp":"2025-03-18 11:26:18"}
{"level":"warn","message":"Port 4001 is already in use","timestamp":"2025-03-18 11:26:18"}
{"level":"warn","message":"Port 4002 is already in use","timestamp":"2025-03-18 11:26:18"}
{"level":"warn","message":"Port 4003 is already in use","timestamp":"2025-03-18 11:26:18"}
{"level":"warn","message":"Port 4004 is already in use","timestamp":"2025-03-18 11:26:18"}
{"level":"warn","message":"Port 4005 is already in use","timestamp":"2025-03-18 11:26:18"}
{"level":"warn","message":"Port 4006 is already in use","timestamp":"2025-03-18 11:26:18"}
{"level":"info","message":"Port 4007 is available","timestamp":"2025-03-18 11:26:18"}
{"level":"info","message":"Auth Service running at http://localhost:4007/graphql","timestamp":"2025-03-18 11:26:18"}
{"level":"info","message":"Connected to MongoDB","timestamp":"2025-03-18 11:26:18"}
{"level":"info","message":"Attempting to find available port starting from 4001, max attempts: 10","timestamp":"2025-03-18 11:29:46"}
{"level":"info","message":"Port 4001 is available","timestamp":"2025-03-18 11:29:46"}
{"level":"info","message":"Auth Service running at http://localhost:4001/graphql","timestamp":"2025-03-18 11:29:46"}
{"level":"info","message":"Connected to MongoDB","timestamp":"2025-03-18 11:29:46"}
{"level":"info","message":"Attempting to find available port starting from 4001, max attempts: 10","timestamp":"2025-03-18 11:29:46"}
{"level":"warn","message":"Port 4001 is already in use","timestamp":"2025-03-18 11:29:46"}
{"level":"warn","message":"Port 4002 is already in use","timestamp":"2025-03-18 11:29:46"}
{"level":"info","message":"Port 4003 is available","timestamp":"2025-03-18 11:29:46"}
{"level":"info","message":"Auth Service running at http://localhost:4003/graphql","timestamp":"2025-03-18 11:29:46"}
{"level":"info","message":"Connected to MongoDB","timestamp":"2025-03-18 11:29:46"}
{"level":"info","message":"Attempting to find available port starting from 4001, max attempts: 10","timestamp":"2025-03-18 11:29:46"}
{"level":"warn","message":"Port 4001 is already in use","timestamp":"2025-03-18 11:29:46"}
{"level":"warn","message":"Port 4002 is already in use","timestamp":"2025-03-18 11:29:46"}
{"level":"warn","message":"Port 4003 is already in use","timestamp":"2025-03-18 11:29:46"}
{"level":"info","message":"Port 4004 is available","timestamp":"2025-03-18 11:29:46"}
{"level":"info","message":"Auth Service running at http://localhost:4004/graphql","timestamp":"2025-03-18 11:29:46"}
{"level":"info","message":"Connected to MongoDB","timestamp":"2025-03-18 11:29:46"}
{"level":"info","message":"Attempting to find available port starting from 4001, max attempts: 10","timestamp":"2025-03-18 11:29:51"}
{"level":"info","message":"Port 4001 is available","timestamp":"2025-03-18 11:29:51"}
{"level":"info","message":"Auth Service running at http://localhost:4001/graphql","timestamp":"2025-03-18 11:29:51"}
{"level":"info","message":"Connected to MongoDB","timestamp":"2025-03-18 11:29:51"}
{"level":"info","message":"Attempting to find available port starting from 4001, max attempts: 10","timestamp":"2025-03-18 11:33:05"}
{"level":"info","message":"Port 4001 is available","timestamp":"2025-03-18 11:33:05"}
{"level":"info","message":"Auth Service running at http://localhost:4001/graphql","timestamp":"2025-03-18 11:33:05"}
{"level":"info","message":"Connected to MongoDB","timestamp":"2025-03-18 11:33:05"}
{"level":"info","message":"Attempting to find available port starting from 4001, max attempts: 10","timestamp":"2025-03-18 11:38:09"}
{"level":"info","message":"Port 4001 is available","timestamp":"2025-03-18 11:38:09"}
{"level":"info","message":"Auth Service running at http://localhost:4001/graphql","timestamp":"2025-03-18 11:38:09"}
{"level":"info","message":"Connected to MongoDB","timestamp":"2025-03-18 11:38:09"}
{"level":"info","message":"Attempting to find available port starting from 4001, max attempts: 10","timestamp":"2025-03-18 11:38:59"}
{"level":"info","message":"Port 4001 is available","timestamp":"2025-03-18 11:38:59"}
{"level":"info","message":"Auth Service running at http://localhost:4001/graphql","timestamp":"2025-03-18 11:38:59"}
{"level":"info","message":"Connected to MongoDB","timestamp":"2025-03-18 11:39:00"}
{"level":"info","message":"Attempting to find available port starting from 4001, max attempts: 10","timestamp":"2025-03-18 11:41:04"}
{"level":"info","message":"Port 4001 is available","timestamp":"2025-03-18 11:41:04"}
{"level":"info","message":"Auth Service running at http://localhost:4001/graphql","timestamp":"2025-03-18 11:41:04"}
{"level":"info","message":"Connected to MongoDB","timestamp":"2025-03-18 11:41:04"}
{"level":"info","message":"Attempting to find available port starting from 4001, max attempts: 10","timestamp":"2025-03-18 11:41:34"}
{"level":"warn","message":"Port 4001 is already in use","timestamp":"2025-03-18 11:41:34"}
{"level":"warn","message":"Port 4002 is already in use","timestamp":"2025-03-18 11:41:34"}
{"level":"info","message":"Port 4003 is available","timestamp":"2025-03-18 11:41:34"}
{"level":"info","message":"Auth Service running at http://localhost:4003/graphql","timestamp":"2025-03-18 11:41:34"}
{"level":"info","message":"Connected to MongoDB","timestamp":"2025-03-18 11:41:34"}
{"level":"error","message":"Registration error: secretOrPrivateKey must have a value","stack":"Error: secretOrPrivateKey must have a value\n    at module.exports [as sign] (C:\\Users\\giris\\Desktop\\community-engagement-system\\backend\\auth-service\\node_modules\\jsonwebtoken\\sign.js:111:20)\n    at generateTokens (file:///C:/Users/giris/Desktop/community-engagement-system/backend/auth-service/src/utils/auth.js:57:27)\n    at Object.register (file:///C:/Users/giris/Desktop/community-engagement-system/backend/auth-service/src/graphql/resolvers.js:63:47)\n    at process.processTicksAndRejections (node:internal/process/task_queues:105:5)","timestamp":"2025-03-18 11:43:26"}
{"extensions":{"code":"INTERNAL_SERVER_ERROR","exception":{"stacktrace":["Error: secretOrPrivateKey must have a value","    at Object.register (file:///C:/Users/giris/Desktop/community-engagement-system/backend/auth-service/src/graphql/resolvers.js:80:15)","    at process.processTicksAndRejections (node:internal/process/task_queues:105:5)"]}},"level":"error","locations":[{"column":3,"line":2}],"message":"secretOrPrivateKey must have a value","path":["register"],"timestamp":"2025-03-18 11:43:26"}
{"level":"info","message":"Attempting to find available port starting from 4001, max attempts: 10","timestamp":"2025-03-18 11:44:41"}
{"level":"warn","message":"Port 4001 is already in use","timestamp":"2025-03-18 11:44:41"}
{"level":"warn","message":"Port 4002 is already in use","timestamp":"2025-03-18 11:44:41"}
{"level":"warn","message":"Port 4003 is already in use","timestamp":"2025-03-18 11:44:41"}
{"level":"info","message":"Port 4004 is available","timestamp":"2025-03-18 11:44:41"}
{"level":"info","message":"Auth Service running at http://localhost:4004/graphql","timestamp":"2025-03-18 11:44:41"}
{"level":"info","message":"Connected to MongoDB","timestamp":"2025-03-18 11:44:41"}
{"level":"error","message":"Registration error: Username or email already exists","stack":"Error: Username or email already exists\n    at Object.register (file:///C:/Users/giris/Desktop/community-engagement-system/backend/auth-service/src/graphql/resolvers.js:49:17)\n    at process.processTicksAndRejections (node:internal/process/task_queues:105:5)","timestamp":"2025-03-18 11:45:19"}
{"extensions":{"code":"INTERNAL_SERVER_ERROR","exception":{"stacktrace":["Error: Username or email already exists","    at Object.register (file:///C:/Users/giris/Desktop/community-engagement-system/backend/auth-service/src/graphql/resolvers.js:80:15)","    at process.processTicksAndRejections (node:internal/process/task_queues:105:5)"]}},"level":"error","locations":[{"column":3,"line":2}],"message":"Username or email already exists","path":["register"],"timestamp":"2025-03-18 11:45:19"}
{"level":"error","message":"Registration error: secretOrPrivateKey must have a value","stack":"Error: secretOrPrivateKey must have a value\n    at module.exports [as sign] (C:\\Users\\giris\\Desktop\\community-engagement-system\\backend\\auth-service\\node_modules\\jsonwebtoken\\sign.js:111:20)\n    at generateTokens (file:///C:/Users/giris/Desktop/community-engagement-system/backend/auth-service/src/utils/auth.js:57:27)\n    at Object.register (file:///C:/Users/giris/Desktop/community-engagement-system/backend/auth-service/src/graphql/resolvers.js:63:47)\n    at process.processTicksAndRejections (node:internal/process/task_queues:105:5)","timestamp":"2025-03-18 11:46:12"}
{"extensions":{"code":"INTERNAL_SERVER_ERROR","exception":{"stacktrace":["Error: secretOrPrivateKey must have a value","    at Object.register (file:///C:/Users/giris/Desktop/community-engagement-system/backend/auth-service/src/graphql/resolvers.js:80:15)","    at process.processTicksAndRejections (node:internal/process/task_queues:105:5)"]}},"level":"error","locations":[{"column":3,"line":2}],"message":"secretOrPrivateKey must have a value","path":["register"],"timestamp":"2025-03-18 11:46:12"}
{"level":"info","message":"SIGINT received. Shutting down gracefully","timestamp":"2025-03-18 11:46:26"}
{"level":"info","message":"SIGINT received. Shutting down gracefully","timestamp":"2025-03-18 11:46:29"}
{"level":"info","message":"Attempting to find available port starting from 4001, max attempts: 10","timestamp":"2025-03-18 11:46:39"}
{"level":"info","message":"Port 4001 is available","timestamp":"2025-03-18 11:46:39"}
{"level":"info","message":"Auth Service running at http://localhost:4001/graphql","timestamp":"2025-03-18 11:46:39"}
{"level":"info","message":"Connected to MongoDB","timestamp":"2025-03-18 11:46:39"}
{"level":"error","message":"Registration error: Username or email already exists","stack":"Error: Username or email already exists\n    at Object.register (file:///C:/Users/giris/Desktop/community-engagement-system/backend/auth-service/src/graphql/resolvers.js:49:17)\n    at process.processTicksAndRejections (node:internal/process/task_queues:105:5)","timestamp":"2025-03-18 11:48:39"}
{"extensions":{"code":"INTERNAL_SERVER_ERROR","exception":{"stacktrace":["Error: Username or email already exists","    at Object.register (file:///C:/Users/giris/Desktop/community-engagement-system/backend/auth-service/src/graphql/resolvers.js:80:15)","    at process.processTicksAndRejections (node:internal/process/task_queues:105:5)"]}},"level":"error","locations":[{"column":3,"line":2}],"message":"Username or email already exists","path":["register"],"timestamp":"2025-03-18 11:48:39"}
{"level":"info","message":"Attempting to find available port starting from 4001, max attempts: 10","timestamp":"2025-03-18 11:51:08"}
{"level":"warn","message":"Port 4001 is already in use","timestamp":"2025-03-18 11:51:08"}
{"level":"warn","message":"Port 4002 is already in use","timestamp":"2025-03-18 11:51:08"}
{"level":"warn","message":"Port 4003 is already in use","timestamp":"2025-03-18 11:51:08"}
{"level":"info","message":"Port 4004 is available","timestamp":"2025-03-18 11:51:08"}
{"level":"info","message":"Auth Service running at http://localhost:4004/graphql","timestamp":"2025-03-18 11:51:08"}
{"level":"info","message":"Connected to MongoDB","timestamp":"2025-03-18 11:51:08"}
{"extensions":{"code":"GRAPHQL_VALIDATION_FAILED","exception":{"stacktrace":["GraphQLError: Cannot query field \"signup\" on type \"Mutation\".","    at Object.Field (C:\\Users\\giris\\Desktop\\community-engagement-system\\backend\\auth-service\\node_modules\\graphql\\validation\\rules\\FieldsOnCorrectTypeRule.js:51:13)","    at Object.enter (C:\\Users\\giris\\Desktop\\community-engagement-system\\backend\\auth-service\\node_modules\\graphql\\language\\visitor.js:301:32)","    at Object.enter (C:\\Users\\giris\\Desktop\\community-engagement-system\\backend\\auth-service\\node_modules\\graphql\\utilities\\TypeInfo.js:391:27)","    at visit (C:\\Users\\giris\\Desktop\\community-engagement-system\\backend\\auth-service\\node_modules\\graphql\\language\\visitor.js:197:21)","    at validate (C:\\Users\\giris\\Desktop\\community-engagement-system\\backend\\auth-service\\node_modules\\graphql\\validation\\validate.js:91:24)","    at validate (C:\\Users\\giris\\Desktop\\community-engagement-system\\backend\\auth-service\\node_modules\\apollo-server-core\\dist\\requestPipeline.js:188:39)","    at processGraphQLRequest (C:\\Users\\giris\\Desktop\\community-engagement-system\\backend\\auth-service\\node_modules\\apollo-server-core\\dist\\requestPipeline.js:99:38)","    at process.processTicksAndRejections (node:internal/process/task_queues:105:5)","    at async processHTTPRequest (C:\\Users\\giris\\Desktop\\community-engagement-system\\backend\\auth-service\\node_modules\\apollo-server-core\\dist\\runHttpQuery.js:222:30)"]}},"level":"error","locations":[{"column":3,"line":2}],"message":"Cannot query field \"signup\" on type \"Mutation\".","timestamp":"2025-03-18 12:54:05"}
{"extensions":{"code":"GRAPHQL_VALIDATION_FAILED","exception":{"stacktrace":["GraphQLError: Unknown argument \"email\" on field \"Mutation.login\".","    at Object.Argument (C:\\Users\\giris\\Desktop\\community-engagement-system\\backend\\auth-service\\node_modules\\graphql\\validation\\rules\\KnownArgumentNamesRule.js:46:11)","    at Object.enter (C:\\Users\\giris\\Desktop\\community-engagement-system\\backend\\auth-service\\node_modules\\graphql\\language\\visitor.js:301:32)","    at Object.enter (C:\\Users\\giris\\Desktop\\community-engagement-system\\backend\\auth-service\\node_modules\\graphql\\utilities\\TypeInfo.js:391:27)","    at visit (C:\\Users\\giris\\Desktop\\community-engagement-system\\backend\\auth-service\\node_modules\\graphql\\language\\visitor.js:197:21)","    at validate (C:\\Users\\giris\\Desktop\\community-engagement-system\\backend\\auth-service\\node_modules\\graphql\\validation\\validate.js:91:24)","    at validate (C:\\Users\\giris\\Desktop\\community-engagement-system\\backend\\auth-service\\node_modules\\apollo-server-core\\dist\\requestPipeline.js:188:39)","    at processGraphQLRequest (C:\\Users\\giris\\Desktop\\community-engagement-system\\backend\\auth-service\\node_modules\\apollo-server-core\\dist\\requestPipeline.js:99:38)","    at process.processTicksAndRejections (node:internal/process/task_queues:105:5)","    at async processHTTPRequest (C:\\Users\\giris\\Desktop\\community-engagement-system\\backend\\auth-service\\node_modules\\apollo-server-core\\dist\\runHttpQuery.js:222:30)"]}},"level":"error","locations":[{"column":9,"line":2}],"message":"Unknown argument \"email\" on field \"Mutation.login\".","timestamp":"2025-03-18 12:54:18"}
{"extensions":{"code":"GRAPHQL_VALIDATION_FAILED","exception":{"stacktrace":["GraphQLError: Cannot query field \"token\" on type \"AuthPayload\".","    at Object.Field (C:\\Users\\giris\\Desktop\\community-engagement-system\\backend\\auth-service\\node_modules\\graphql\\validation\\rules\\FieldsOnCorrectTypeRule.js:51:13)","    at Object.enter (C:\\Users\\giris\\Desktop\\community-engagement-system\\backend\\auth-service\\node_modules\\graphql\\language\\visitor.js:301:32)","    at Object.enter (C:\\Users\\giris\\Desktop\\community-engagement-system\\backend\\auth-service\\node_modules\\graphql\\utilities\\TypeInfo.js:391:27)","    at visit (C:\\Users\\giris\\Desktop\\community-engagement-system\\backend\\auth-service\\node_modules\\graphql\\language\\visitor.js:197:21)","    at validate (C:\\Users\\giris\\Desktop\\community-engagement-system\\backend\\auth-service\\node_modules\\graphql\\validation\\validate.js:91:24)","    at validate (C:\\Users\\giris\\Desktop\\community-engagement-system\\backend\\auth-service\\node_modules\\apollo-server-core\\dist\\requestPipeline.js:188:39)","    at processGraphQLRequest (C:\\Users\\giris\\Desktop\\community-engagement-system\\backend\\auth-service\\node_modules\\apollo-server-core\\dist\\requestPipeline.js:99:38)","    at process.processTicksAndRejections (node:internal/process/task_queues:105:5)","    at async processHTTPRequest (C:\\Users\\giris\\Desktop\\community-engagement-system\\backend\\auth-service\\node_modules\\apollo-server-core\\dist\\runHttpQuery.js:222:30)"]}},"level":"error","locations":[{"column":5,"line":3}],"message":"Cannot query field \"token\" on type \"AuthPayload\".","timestamp":"2025-03-18 12:54:18"}
{"extensions":{"code":"GRAPHQL_VALIDATION_FAILED","exception":{"stacktrace":["GraphQLError: Cannot query field \"name\" on type \"User\".","    at Object.Field (C:\\Users\\giris\\Desktop\\community-engagement-system\\backend\\auth-service\\node_modules\\graphql\\validation\\rules\\FieldsOnCorrectTypeRule.js:51:13)","    at Object.enter (C:\\Users\\giris\\Desktop\\community-engagement-system\\backend\\auth-service\\node_modules\\graphql\\language\\visitor.js:301:32)","    at Object.enter (C:\\Users\\giris\\Desktop\\community-engagement-system\\backend\\auth-service\\node_modules\\graphql\\utilities\\TypeInfo.js:391:27)","    at visit (C:\\Users\\giris\\Desktop\\community-engagement-system\\backend\\auth-service\\node_modules\\graphql\\language\\visitor.js:197:21)","    at validate (C:\\Users\\giris\\Desktop\\community-engagement-system\\backend\\auth-service\\node_modules\\graphql\\validation\\validate.js:91:24)","    at validate (C:\\Users\\giris\\Desktop\\community-engagement-system\\backend\\auth-service\\node_modules\\apollo-server-core\\dist\\requestPipeline.js:188:39)","    at processGraphQLRequest (C:\\Users\\giris\\Desktop\\community-engagement-system\\backend\\auth-service\\node_modules\\apollo-server-core\\dist\\requestPipeline.js:99:38)","    at process.processTicksAndRejections (node:internal/process/task_queues:105:5)","    at async processHTTPRequest (C:\\Users\\giris\\Desktop\\community-engagement-system\\backend\\auth-service\\node_modules\\apollo-server-core\\dist\\runHttpQuery.js:222:30)"]}},"level":"error","locations":[{"column":7,"line":6}],"message":"Cannot query field \"name\" on type \"User\".","timestamp":"2025-03-18 12:54:18"}
{"extensions":{"code":"GRAPHQL_VALIDATION_FAILED","exception":{"stacktrace":["GraphQLError: Field \"login\" argument \"username\" of type \"String!\" is required, but it was not provided.","    at Object.leave (C:\\Users\\giris\\Desktop\\community-engagement-system\\backend\\auth-service\\node_modules\\graphql\\validation\\rules\\ProvidedRequiredArgumentsRule.js:60:15)","    at Object.leave (C:\\Users\\giris\\Desktop\\community-engagement-system\\backend\\auth-service\\node_modules\\graphql\\language\\visitor.js:324:32)","    at Object.leave (C:\\Users\\giris\\Desktop\\community-engagement-system\\backend\\auth-service\\node_modules\\graphql\\utilities\\TypeInfo.js:411:21)","    at visit (C:\\Users\\giris\\Desktop\\community-engagement-system\\backend\\auth-service\\node_modules\\graphql\\language\\visitor.js:197:21)","    at validate (C:\\Users\\giris\\Desktop\\community-engagement-system\\backend\\auth-service\\node_modules\\graphql\\validation\\validate.js:91:24)","    at validate (C:\\Users\\giris\\Desktop\\community-engagement-system\\backend\\auth-service\\node_modules\\apollo-server-core\\dist\\requestPipeline.js:188:39)","    at processGraphQLRequest (C:\\Users\\giris\\Desktop\\community-engagement-system\\backend\\auth-service\\node_modules\\apollo-server-core\\dist\\requestPipeline.js:99:38)","    at process.processTicksAndRejections (node:internal/process/task_queues:105:5)","    at async processHTTPRequest (C:\\Users\\giris\\Desktop\\community-engagement-system\\backend\\auth-service\\node_modules\\apollo-server-core\\dist\\runHttpQuery.js:222:30)"]}},"level":"error","locations":[{"column":3,"line":2}],"message":"Field \"login\" argument \"username\" of type \"String!\" is required, but it was not provided.","timestamp":"2025-03-18 12:54:18"}
{"level":"error","message":"Login error: secretOrPrivateKey must have a value","stack":"Error: secretOrPrivateKey must have a value\n    at module.exports [as sign] (C:\\Users\\giris\\Desktop\\community-engagement-system\\backend\\auth-service\\node_modules\\jsonwebtoken\\sign.js:111:20)\n    at generateTokens (file:///C:/Users/giris/Desktop/community-engagement-system/backend/auth-service/src/utils/auth.js:57:27)\n    at Object.login (file:///C:/Users/giris/Desktop/community-engagement-system/backend/auth-service/src/graphql/resolvers.js:108:47)","timestamp":"2025-03-18 12:58:35"}
{"extensions":{"code":"INTERNAL_SERVER_ERROR","exception":{"stacktrace":["Error: secretOrPrivateKey must have a value","    at Object.login (file:///C:/Users/giris/Desktop/community-engagement-system/backend/auth-service/src/graphql/resolvers.js:126:15)"]}},"level":"error","locations":[{"column":3,"line":2}],"message":"secretOrPrivateKey must have a value","path":["login"],"timestamp":"2025-03-18 12:58:35"}
{"level":"error","message":"Registration error: Username or email already exists","stack":"Error: Username or email already exists\n    at Object.register (file:///C:/Users/giris/Desktop/community-engagement-system/backend/auth-service/src/graphql/resolvers.js:49:17)\n    at process.processTicksAndRejections (node:internal/process/task_queues:105:5)","timestamp":"2025-03-18 12:58:59"}
{"extensions":{"code":"INTERNAL_SERVER_ERROR","exception":{"stacktrace":["Error: Username or email already exists","    at Object.register (file:///C:/Users/giris/Desktop/community-engagement-system/backend/auth-service/src/graphql/resolvers.js:80:15)","    at process.processTicksAndRejections (node:internal/process/task_queues:105:5)"]}},"level":"error","locations":[{"column":3,"line":2}],"message":"Username or email already exists","path":["register"],"timestamp":"2025-03-18 12:58:59"}
{"level":"error","message":"Registration error: secretOrPrivateKey must have a value","stack":"Error: secretOrPrivateKey must have a value\n    at module.exports [as sign] (C:\\Users\\giris\\Desktop\\community-engagement-system\\backend\\auth-service\\node_modules\\jsonwebtoken\\sign.js:111:20)\n    at generateTokens (file:///C:/Users/giris/Desktop/community-engagement-system/backend/auth-service/src/utils/auth.js:57:27)\n    at Object.register (file:///C:/Users/giris/Desktop/community-engagement-system/backend/auth-service/src/graphql/resolvers.js:63:47)\n    at process.processTicksAndRejections (node:internal/process/task_queues:105:5)","timestamp":"2025-03-18 12:59:13"}
{"extensions":{"code":"INTERNAL_SERVER_ERROR","exception":{"stacktrace":["Error: secretOrPrivateKey must have a value","    at Object.register (file:///C:/Users/giris/Desktop/community-engagement-system/backend/auth-service/src/graphql/resolvers.js:80:15)","    at process.processTicksAndRejections (node:internal/process/task_queues:105:5)"]}},"level":"error","locations":[{"column":3,"line":2}],"message":"secretOrPrivateKey must have a value","path":["register"],"timestamp":"2025-03-18 12:59:13"}
{"level":"info","message":"Attempting to find available port starting from 4001, max attempts: 10","timestamp":"2025-03-18 13:01:24"}
{"level":"info","message":"Attempting to find available port starting from 4001, max attempts: 10","timestamp":"2025-03-18 13:01:24"}
{"level":"info","message":"Port 4001 is available","timestamp":"2025-03-18 13:01:24"}
{"level":"info","message":"Auth Service running at http://localhost:4001/graphql","timestamp":"2025-03-18 13:01:24"}
{"level":"warn","message":"Port 4001 is already in use","timestamp":"2025-03-18 13:01:24"}
{"level":"warn","message":"Port 4002 is already in use","timestamp":"2025-03-18 13:01:24"}
{"level":"info","message":"Port 4003 is available","timestamp":"2025-03-18 13:01:24"}
{"level":"info","message":"Auth Service running at http://localhost:4003/graphql","timestamp":"2025-03-18 13:01:24"}
{"level":"info","message":"Connected to MongoDB","timestamp":"2025-03-18 13:01:24"}
{"level":"info","message":"Connected to MongoDB","timestamp":"2025-03-18 13:01:24"}
{"level":"error","message":"Registration error: Username or email already exists","stack":"Error: Username or email already exists\n    at Object.register (file:///C:/Users/giris/Desktop/community-engagement-system/backend/auth-service/src/graphql/resolvers.js:49:17)\n    at process.processTicksAndRejections (node:internal/process/task_queues:105:5)","timestamp":"2025-03-18 13:01:32"}
{"extensions":{"code":"INTERNAL_SERVER_ERROR","exception":{"stacktrace":["Error: Username or email already exists","    at Object.register (file:///C:/Users/giris/Desktop/community-engagement-system/backend/auth-service/src/graphql/resolvers.js:80:15)","    at process.processTicksAndRejections (node:internal/process/task_queues:105:5)"]}},"level":"error","locations":[{"column":3,"line":2}],"message":"Username or email already exists","path":["register"],"timestamp":"2025-03-18 13:01:32"}
{"level":"info","message":"Attempting to find available port starting from 4001, max attempts: 10","timestamp":"2025-03-18 13:01:45"}
{"level":"info","message":"Port 4001 is available","timestamp":"2025-03-18 13:01:45"}
{"level":"info","message":"Auth Service running at http://localhost:4001/graphql","timestamp":"2025-03-18 13:01:45"}
{"level":"info","message":"Connected to MongoDB","timestamp":"2025-03-18 13:01:45"}
{"level":"info","message":"Attempting to find available port starting from 4001, max attempts: 10","timestamp":"2025-03-18 13:01:45"}
{"level":"warn","message":"Port 4001 is already in use","timestamp":"2025-03-18 13:01:45"}
{"level":"warn","message":"Port 4002 is already in use","timestamp":"2025-03-18 13:01:45"}
{"level":"info","message":"Port 4003 is available","timestamp":"2025-03-18 13:01:45"}
{"level":"info","message":"Auth Service running at http://localhost:4003/graphql","timestamp":"2025-03-18 13:01:45"}
{"level":"info","message":"Connected to MongoDB","timestamp":"2025-03-18 13:01:45"}
{"level":"info","message":"Attempting to find available port starting from 4001, max attempts: 10","timestamp":"2025-03-18 13:01:45"}
{"level":"warn","message":"Port 4001 is already in use","timestamp":"2025-03-18 13:01:45"}
{"level":"warn","message":"Port 4002 is already in use","timestamp":"2025-03-18 13:01:45"}
{"level":"warn","message":"Port 4003 is already in use","timestamp":"2025-03-18 13:01:45"}
{"level":"info","message":"Port 4004 is available","timestamp":"2025-03-18 13:01:45"}
{"level":"info","message":"Auth Service running at http://localhost:4004/graphql","timestamp":"2025-03-18 13:01:45"}
{"level":"info","message":"Connected to MongoDB","timestamp":"2025-03-18 13:01:45"}
{"level":"error","message":"Login error: secretOrPrivateKey must have a value","stack":"Error: secretOrPrivateKey must have a value\n    at module.exports [as sign] (C:\\Users\\giris\\Desktop\\community-engagement-system\\backend\\auth-service\\node_modules\\jsonwebtoken\\sign.js:111:20)\n    at generateTokens (file:///C:/Users/giris/Desktop/community-engagement-system/backend/auth-service/src/utils/auth.js:58:27)\n    at Object.login (file:///C:/Users/giris/Desktop/community-engagement-system/backend/auth-service/src/graphql/resolvers.js:108:47)","timestamp":"2025-03-18 13:01:46"}
{"extensions":{"code":"INTERNAL_SERVER_ERROR","exception":{"stacktrace":["Error: secretOrPrivateKey must have a value","    at Object.login (file:///C:/Users/giris/Desktop/community-engagement-system/backend/auth-service/src/graphql/resolvers.js:126:15)"]}},"level":"error","locations":[{"column":3,"line":2}],"message":"secretOrPrivateKey must have a value","path":["login"],"timestamp":"2025-03-18 13:01:46"}
{"level":"error","message":"Login error: secretOrPrivateKey must have a value","stack":"Error: secretOrPrivateKey must have a value\n    at module.exports [as sign] (C:\\Users\\giris\\Desktop\\community-engagement-system\\backend\\auth-service\\node_modules\\jsonwebtoken\\sign.js:111:20)\n    at generateTokens (file:///C:/Users/giris/Desktop/community-engagement-system/backend/auth-service/src/utils/auth.js:58:27)\n    at Object.login (file:///C:/Users/giris/Desktop/community-engagement-system/backend/auth-service/src/graphql/resolvers.js:108:47)","timestamp":"2025-03-18 13:01:49"}
{"extensions":{"code":"INTERNAL_SERVER_ERROR","exception":{"stacktrace":["Error: secretOrPrivateKey must have a value","    at Object.login (file:///C:/Users/giris/Desktop/community-engagement-system/backend/auth-service/src/graphql/resolvers.js:126:15)"]}},"level":"error","locations":[{"column":3,"line":2}],"message":"secretOrPrivateKey must have a value","path":["login"],"timestamp":"2025-03-18 13:01:49"}
{"level":"info","message":"Attempting to find available port starting from 4001, max attempts: 10","timestamp":"2025-03-18 13:02:11"}
{"level":"info","message":"Port 4001 is available","timestamp":"2025-03-18 13:02:11"}
{"level":"info","message":"Auth Service running at http://localhost:4001/graphql","timestamp":"2025-03-18 13:02:11"}
{"level":"info","message":"Connected to MongoDB","timestamp":"2025-03-18 13:02:11"}
{"level":"info","message":"Attempting to find available port starting from 4001, max attempts: 10","timestamp":"2025-03-18 13:02:11"}
{"level":"warn","message":"Port 4001 is already in use","timestamp":"2025-03-18 13:02:11"}
{"level":"warn","message":"Port 4002 is already in use","timestamp":"2025-03-18 13:02:11"}
{"level":"info","message":"Port 4003 is available","timestamp":"2025-03-18 13:02:11"}
{"level":"info","message":"Auth Service running at http://localhost:4003/graphql","timestamp":"2025-03-18 13:02:11"}
{"level":"info","message":"Attempting to find available port starting from 4001, max attempts: 10","timestamp":"2025-03-18 13:02:11"}
{"level":"warn","message":"Port 4001 is already in use","timestamp":"2025-03-18 13:02:11"}
{"level":"warn","message":"Port 4002 is already in use","timestamp":"2025-03-18 13:02:11"}
{"level":"warn","message":"Port 4003 is already in use","timestamp":"2025-03-18 13:02:11"}
{"level":"info","message":"Port 4004 is available","timestamp":"2025-03-18 13:02:11"}
{"level":"info","message":"Auth Service running at http://localhost:4004/graphql","timestamp":"2025-03-18 13:02:11"}
{"level":"info","message":"Connected to MongoDB","timestamp":"2025-03-18 13:02:11"}
{"level":"info","message":"Connected to MongoDB","timestamp":"2025-03-18 13:02:11"}
{"level":"info","message":"Attempting to find available port starting from 4001, max attempts: 10","timestamp":"2025-03-18 13:02:37"}
{"level":"info","message":"Port 4001 is available","timestamp":"2025-03-18 13:02:37"}
{"level":"info","message":"Auth Service running at http://localhost:4001/graphql","timestamp":"2025-03-18 13:02:37"}
{"level":"info","message":"Connected to MongoDB","timestamp":"2025-03-18 13:02:37"}
{"level":"info","message":"Attempting to find available port starting from 4001, max attempts: 10","timestamp":"2025-03-18 13:02:37"}
{"level":"warn","message":"Port 4001 is already in use","timestamp":"2025-03-18 13:02:37"}
{"level":"warn","message":"Port 4002 is already in use","timestamp":"2025-03-18 13:02:37"}
{"level":"info","message":"Port 4003 is available","timestamp":"2025-03-18 13:02:37"}
{"level":"info","message":"Auth Service running at http://localhost:4003/graphql","timestamp":"2025-03-18 13:02:37"}
{"level":"info","message":"Attempting to find available port starting from 4001, max attempts: 10","timestamp":"2025-03-18 13:02:37"}
{"level":"warn","message":"Port 4001 is already in use","timestamp":"2025-03-18 13:02:37"}
{"level":"warn","message":"Port 4002 is already in use","timestamp":"2025-03-18 13:02:37"}
{"level":"warn","message":"Port 4003 is already in use","timestamp":"2025-03-18 13:02:37"}
{"level":"info","message":"Port 4004 is available","timestamp":"2025-03-18 13:02:37"}
{"level":"info","message":"Auth Service running at http://localhost:4004/graphql","timestamp":"2025-03-18 13:02:37"}
{"level":"info","message":"Connected to MongoDB","timestamp":"2025-03-18 13:02:37"}
{"level":"info","message":"Connected to MongoDB","timestamp":"2025-03-18 13:02:37"}
{"level":"info","message":"User logged in: girisujan297","timestamp":"2025-03-18 13:04:05"}
{"level":"error","message":"Registration error: Username or email already exists","stack":"Error: Username or email already exists\n    at Object.register (file:///C:/Users/giris/Desktop/community-engagement-system/backend/auth-service/src/graphql/resolvers.js:49:17)\n    at process.processTicksAndRejections (node:internal/process/task_queues:105:5)","timestamp":"2025-03-18 13:09:37"}
{"extensions":{"code":"INTERNAL_SERVER_ERROR","exception":{"stacktrace":["Error: Username or email already exists","    at Object.register (file:///C:/Users/giris/Desktop/community-engagement-system/backend/auth-service/src/graphql/resolvers.js:83:15)","    at process.processTicksAndRejections (node:internal/process/task_queues:105:5)"]}},"level":"error","locations":[{"column":3,"line":2}],"message":"Username or email already exists","path":["register"],"timestamp":"2025-03-18 13:09:37"}
{"level":"info","message":"User registered: rahul297","timestamp":"2025-03-18 13:09:54"}
{"level":"info","message":"User logged in: rahul297","timestamp":"2025-03-18 14:07:06"}
{"level":"info","message":"User logged in: rahul297","timestamp":"2025-03-18 14:15:39"}
{"level":"info","message":"User logged in: girisujan297","timestamp":"2025-03-18 14:15:58"}
{"level":"info","message":"Attempting to find available port starting from 4001, max attempts: 10","timestamp":"2025-03-18 14:17:50"}
{"level":"info","message":"Port 4001 is available","timestamp":"2025-03-18 14:17:50"}
{"level":"info","message":"Auth Service running at http://localhost:4001/graphql","timestamp":"2025-03-18 14:17:50"}
{"level":"info","message":"Attempting to find available port starting from 4001, max attempts: 10","timestamp":"2025-03-18 14:17:50"}
{"level":"warn","message":"Port 4001 is already in use","timestamp":"2025-03-18 14:17:50"}
{"level":"warn","message":"Port 4002 is already in use","timestamp":"2025-03-18 14:17:50"}
{"level":"warn","message":"Port 4003 is already in use","timestamp":"2025-03-18 14:17:50"}
{"level":"info","message":"Port 4004 is available","timestamp":"2025-03-18 14:17:50"}
{"level":"info","message":"Auth Service running at http://localhost:4004/graphql","timestamp":"2025-03-18 14:17:50"}
{"level":"info","message":"Connected to MongoDB","timestamp":"2025-03-18 14:17:50"}
{"level":"info","message":"Connected to MongoDB","timestamp":"2025-03-18 14:17:50"}
{"level":"info","message":"Attempting to find available port starting from 4001, max attempts: 10","timestamp":"2025-03-18 15:32:01"}
{"level":"info","message":"Port 4001 is available","timestamp":"2025-03-18 15:32:01"}
{"level":"info","message":"Auth Service running at http://localhost:4001/graphql","timestamp":"2025-03-18 15:32:01"}
{"level":"info","message":"Connected to MongoDB","timestamp":"2025-03-18 15:32:01"}
{"level":"info","message":"Attempting to find available port starting from 4001, max attempts: 10","timestamp":"2025-03-18 15:33:31"}
{"level":"info","message":"Port 4001 is available","timestamp":"2025-03-18 15:33:31"}
{"level":"info","message":"Auth Service running at http://localhost:4001/graphql","timestamp":"2025-03-18 15:33:31"}
{"level":"info","message":"Connected to MongoDB","timestamp":"2025-03-18 15:33:31"}
{"level":"info","message":"Attempting to find available port starting from 4001, max attempts: 10","timestamp":"2025-03-18 16:27:38"}
{"level":"info","message":"Port 4001 is available","timestamp":"2025-03-18 16:27:38"}
{"level":"info","message":"Auth Service running at http://localhost:4001/graphql","timestamp":"2025-03-18 16:27:38"}
{"level":"info","message":"Connected to MongoDB","timestamp":"2025-03-18 16:27:38"}
{"level":"info","message":"Attempting to find available port starting from 4001, max attempts: 10","timestamp":"2025-03-18 16:29:03"}
{"level":"info","message":"Port 4001 is available","timestamp":"2025-03-18 16:29:03"}
{"level":"info","message":"Auth Service running at http://localhost:4001/graphql","timestamp":"2025-03-18 16:29:03"}
{"level":"info","message":"Connected to MongoDB","timestamp":"2025-03-18 16:29:03"}
