2025-04-10 10:49:52:4952 [32minfo[39m: [32mAttempting to find available port starting from 4001, max attempts: 10[39m
2025-04-10 10:49:52:4952 [32minfo[39m: [32mPort 4001 is available[39m
2025-04-10 10:49:52:4952 [32minfo[39m: [32mAuth Service running at http://localhost:4001/graphql[39m
2025-04-10 10:49:52:4952 [32minfo[39m: [32mConnected to MongoDB[39m
2025-04-10 10:50:34:5034 [31merror[39m: [31mGraphQL Error: Cannot query field "company" on type "Query".[39m
2025-04-10 10:50:34:5034 [31merror[39m: [31mGraphQL Error: Cannot query field "roadster" on type "Query".[39m
2025-04-10 10:56:01:561 [32minfo[39m: [32mAttempting to find available port starting from 4001, max attempts: 10[39m
2025-04-10 10:56:01:561 [32minfo[39m: [32mPort 4001 is available[39m
2025-04-10 10:56:01:561 [32minfo[39m: [32mAuth Service running at http://localhost:4001/graphql[39m
2025-04-10 10:56:01:561 [32minfo[39m: [32mConnected to MongoDB[39m
2025-04-10 10:56:28:5628 [32minfo[39m: [32mAttempting to find available port starting from 4001, max attempts: 10[39m
2025-04-10 10:56:28:5628 [32minfo[39m: [32mPort 4001 is available[39m
2025-04-10 10:56:28:5628 [32minfo[39m: [32mAuth Service running at http://localhost:4001/graphql[39m
2025-04-10 10:56:28:5628 [32minfo[39m: [32mConnected to MongoDB[39m
2025-04-10 11:12:45:1245 [32minfo[39m: [32mAttempting to find available port starting from 4001, max attempts: 10[39m
2025-04-10 11:12:45:1245 [32minfo[39m: [32mPort 4001 is available[39m
2025-04-10 11:12:45:1245 [32minfo[39m: [32mAuth Service running at http://localhost:4001/graphql[39m
2025-04-10 11:12:45:1245 [32minfo[39m: [32mConnected to MongoDB[39m
2025-04-10 11:14:54:1454 [31merror[39m: [31mLogin error: Invalid credentials[39m
2025-04-10 11:14:54:1454 [31merror[39m: [31mGraphQL Error: Invalid credentials[39m
2025-04-10 11:15:12:1512 [32minfo[39m: [32mUser logged in: ram297[39m
2025-04-10 11:27:22:2722 [32minfo[39m: [32mAttempting to find available port starting from 4001, max attempts: 10[39m
2025-04-10 11:27:22:2722 [32minfo[39m: [32mPort 4001 is available[39m
2025-04-10 11:27:22:2722 [32minfo[39m: [32mAuth Service running at http://localhost:4001/graphql[39m
2025-04-10 11:27:22:2722 [32minfo[39m: [32mConnected to MongoDB[39m
